2020-11-09 16:26:32.169  INFO 1488 --- [main] com.seven.myblog.MyblogApplicationTests  : Starting MyblogApplicationTests on loveBusty with PID 1488 (started by yuanyuanyuan in E:\JAVA\JetBrains\IdeaProjects\myblog)
2020-11-09 16:26:32.173  INFO 1488 --- [main] com.seven.myblog.MyblogApplicationTests  : No active profile set, falling back to default profiles: default
2020-11-09 16:26:34.419  INFO 1488 --- [main] o.s.s.concurrent.ThreadPoolTaskExecutor  : Initializing ExecutorService 'applicationTaskExecutor'
2020-11-09 16:26:34.518  INFO 1488 --- [main] o.s.b.a.w.s.WelcomePageHandlerMapping    : Adding welcome page template: index
2020-11-09 16:26:34.778  INFO 1488 --- [main] o.f.c.internal.license.VersionPrinter    : Flyway Community Edition 5.2.4 by Boxfuse
2020-11-09 16:26:35.060  INFO 1488 --- [main] o.f.c.internal.database.DatabaseFactory  : Database: jdbc:mysql://localhost:3306/blog (MySQL 5.5)
2020-11-09 16:26:35.208  INFO 1488 --- [main] o.f.core.internal.command.DbValidate     : Successfully validated 9 migrations (execution time 00:00.083s)
2020-11-09 16:26:35.218  INFO 1488 --- [main] o.f.core.internal.command.DbMigrate      : Current version of schema `blog`: 2.6
2020-11-09 16:26:35.219  INFO 1488 --- [main] o.f.core.internal.command.DbMigrate      : Schema `blog` is up to date. No migration necessary.
2020-11-09 16:26:35.318  INFO 1488 --- [main] o.s.s.c.ThreadPoolTaskScheduler          : Initializing ExecutorService 'taskScheduler'
2020-11-09 16:26:35.382  INFO 1488 --- [main] com.seven.myblog.MyblogApplicationTests  : Started MyblogApplicationTests in 3.453 seconds (JVM running for 4.3)
2020-11-09 16:26:35.439 DEBUG 1488 --- [scheduling-1] c.s.m.mapper.TypeMapper.selectByExample  : ==>  Preparing: select id, name from type 
2020-11-09 16:26:35.447 DEBUG 1488 --- [scheduling-1] c.s.m.mapper.TypeMapper.selectByExample  : ==> Parameters: 
2020-11-09 16:26:35.457 DEBUG 1488 --- [scheduling-1] c.s.m.mapper.TypeMapper.selectByExample  : <==      Total: 6
2020-11-09 16:26:35.465 DEBUG 1488 --- [scheduling-1] c.s.m.mapper.BlogMapper.countByExample   : ==>  Preparing: select count(*) from blog WHERE ( type_id = ? ) 
2020-11-09 16:26:35.466 DEBUG 1488 --- [scheduling-1] c.s.m.mapper.BlogMapper.countByExample   : ==> Parameters: 2(Long)
2020-11-09 16:26:35.469 DEBUG 1488 --- [scheduling-1] c.s.m.mapper.BlogMapper.countByExample   : <==      Total: 1
2020-11-09 16:26:35.470 DEBUG 1488 --- [scheduling-1] c.s.m.mapper.BlogMapper.countByExample   : ==>  Preparing: select count(*) from blog WHERE ( type_id = ? ) 
2020-11-09 16:26:35.471 DEBUG 1488 --- [scheduling-1] c.s.m.mapper.BlogMapper.countByExample   : ==> Parameters: 3(Long)
2020-11-09 16:26:35.472 DEBUG 1488 --- [scheduling-1] c.s.m.mapper.BlogMapper.countByExample   : <==      Total: 1
2020-11-09 16:26:35.473 DEBUG 1488 --- [scheduling-1] c.s.m.mapper.BlogMapper.countByExample   : ==>  Preparing: select count(*) from blog WHERE ( type_id = ? ) 
2020-11-09 16:26:35.473 DEBUG 1488 --- [scheduling-1] c.s.m.mapper.BlogMapper.countByExample   : ==> Parameters: 4(Long)
2020-11-09 16:26:35.474 DEBUG 1488 --- [scheduling-1] c.s.m.mapper.BlogMapper.countByExample   : <==      Total: 1
2020-11-09 16:26:35.475 DEBUG 1488 --- [scheduling-1] c.s.m.mapper.BlogMapper.countByExample   : ==>  Preparing: select count(*) from blog WHERE ( type_id = ? ) 
2020-11-09 16:26:35.475 DEBUG 1488 --- [scheduling-1] c.s.m.mapper.BlogMapper.countByExample   : ==> Parameters: 5(Long)
2020-11-09 16:26:35.477 DEBUG 1488 --- [scheduling-1] c.s.m.mapper.BlogMapper.countByExample   : <==      Total: 1
2020-11-09 16:26:35.478 DEBUG 1488 --- [scheduling-1] c.s.m.mapper.BlogMapper.countByExample   : ==>  Preparing: select count(*) from blog WHERE ( type_id = ? ) 
2020-11-09 16:26:35.478 DEBUG 1488 --- [scheduling-1] c.s.m.mapper.BlogMapper.countByExample   : ==> Parameters: 6(Long)
2020-11-09 16:26:35.480 DEBUG 1488 --- [scheduling-1] c.s.m.mapper.BlogMapper.countByExample   : <==      Total: 1
2020-11-09 16:26:35.481 DEBUG 1488 --- [scheduling-1] c.s.m.mapper.BlogMapper.countByExample   : ==>  Preparing: select count(*) from blog WHERE ( type_id = ? ) 
2020-11-09 16:26:35.481 DEBUG 1488 --- [scheduling-1] c.s.m.mapper.BlogMapper.countByExample   : ==> Parameters: 7(Long)
2020-11-09 16:26:35.482 DEBUG 1488 --- [scheduling-1] c.s.m.mapper.BlogMapper.countByExample   : <==      Total: 1
2020-11-09 16:26:35.489 DEBUG 1488 --- [scheduling-1] c.s.m.mapper.TagMapper.selectByExample   : ==>  Preparing: select id, name from tag 
2020-11-09 16:26:35.490 DEBUG 1488 --- [scheduling-1] c.s.m.mapper.TagMapper.selectByExample   : ==> Parameters: 
2020-11-09 16:26:35.492 DEBUG 1488 --- [scheduling-1] c.s.m.mapper.TagMapper.selectByExample   : <==      Total: 6
2020-11-09 16:26:35.493 DEBUG 1488 --- [scheduling-1] c.s.m.mapper.BlogExtMapper.countByTagId  : ==>  Preparing: SELECT COUNT(*) FROM blog_tag WHERE tag_id = ? 
2020-11-09 16:26:35.493 DEBUG 1488 --- [scheduling-1] c.s.m.mapper.BlogExtMapper.countByTagId  : ==> Parameters: 2(Long)
2020-11-09 16:26:35.496 DEBUG 1488 --- [scheduling-1] c.s.m.mapper.BlogExtMapper.countByTagId  : <==      Total: 1
2020-11-09 16:26:35.497 DEBUG 1488 --- [scheduling-1] c.s.m.mapper.BlogExtMapper.countByTagId  : ==>  Preparing: SELECT COUNT(*) FROM blog_tag WHERE tag_id = ? 
2020-11-09 16:26:35.497 DEBUG 1488 --- [scheduling-1] c.s.m.mapper.BlogExtMapper.countByTagId  : ==> Parameters: 3(Long)
2020-11-09 16:26:35.499 DEBUG 1488 --- [scheduling-1] c.s.m.mapper.BlogExtMapper.countByTagId  : <==      Total: 1
2020-11-09 16:26:35.500 DEBUG 1488 --- [scheduling-1] c.s.m.mapper.BlogExtMapper.countByTagId  : ==>  Preparing: SELECT COUNT(*) FROM blog_tag WHERE tag_id = ? 
2020-11-09 16:26:35.500 DEBUG 1488 --- [scheduling-1] c.s.m.mapper.BlogExtMapper.countByTagId  : ==> Parameters: 4(Long)
2020-11-09 16:26:35.501 DEBUG 1488 --- [scheduling-1] c.s.m.mapper.BlogExtMapper.countByTagId  : <==      Total: 1
2020-11-09 16:26:35.502 DEBUG 1488 --- [scheduling-1] c.s.m.mapper.BlogExtMapper.countByTagId  : ==>  Preparing: SELECT COUNT(*) FROM blog_tag WHERE tag_id = ? 
2020-11-09 16:26:35.502 DEBUG 1488 --- [scheduling-1] c.s.m.mapper.BlogExtMapper.countByTagId  : ==> Parameters: 5(Long)
2020-11-09 16:26:35.503 DEBUG 1488 --- [scheduling-1] c.s.m.mapper.BlogExtMapper.countByTagId  : <==      Total: 1
2020-11-09 16:26:35.504 DEBUG 1488 --- [scheduling-1] c.s.m.mapper.BlogExtMapper.countByTagId  : ==>  Preparing: SELECT COUNT(*) FROM blog_tag WHERE tag_id = ? 
2020-11-09 16:26:35.504 DEBUG 1488 --- [scheduling-1] c.s.m.mapper.BlogExtMapper.countByTagId  : ==> Parameters: 6(Long)
2020-11-09 16:26:35.505 DEBUG 1488 --- [scheduling-1] c.s.m.mapper.BlogExtMapper.countByTagId  : <==      Total: 1
2020-11-09 16:26:35.505 DEBUG 1488 --- [scheduling-1] c.s.m.mapper.BlogExtMapper.countByTagId  : ==>  Preparing: SELECT COUNT(*) FROM blog_tag WHERE tag_id = ? 
2020-11-09 16:26:35.505 DEBUG 1488 --- [scheduling-1] c.s.m.mapper.BlogExtMapper.countByTagId  : ==> Parameters: 7(Long)
2020-11-09 16:26:35.506 DEBUG 1488 --- [scheduling-1] c.s.m.mapper.BlogExtMapper.countByTagId  : <==      Total: 1
2020-11-09 16:26:35.513 DEBUG 1488 --- [scheduling-1] c.s.m.mapper.BlogMapper.selectByExample  : ==>  Preparing: select id, appreciation, commentabled, create_time, description, first_picture, flag, published, recommend, share_statement, title, update_time, views, type_id, user_id, comment_count from blog order by views DESC,update_time DESC limit 10 
2020-11-09 16:26:35.514 DEBUG 1488 --- [scheduling-1] c.s.m.mapper.BlogMapper.selectByExample  : ==> Parameters: 
2020-11-09 16:26:35.519 DEBUG 1488 --- [scheduling-1] c.s.m.mapper.BlogMapper.selectByExample  : <==      Total: 8
2020-11-09 16:26:35.521 DEBUG 1488 --- [scheduling-1] c.s.m.mapper.BlogExtMapper.listYear      : ==>  Preparing: SELECT DATE_FORMAT(create_time,'%Y') AS `year` FROM blog GROUP BY `year` ORDER BY `year` DESC 
2020-11-09 16:26:35.521 DEBUG 1488 --- [scheduling-1] c.s.m.mapper.BlogExtMapper.listYear      : ==> Parameters: 
2020-11-09 16:26:35.524 DEBUG 1488 --- [scheduling-1] c.s.m.mapper.BlogExtMapper.listYear      : <==      Total: 3
2020-11-09 16:26:35.526 DEBUG 1488 --- [scheduling-1] c.s.m.mapper.BlogExtMapper.listByYear    : ==>  Preparing: SELECT * FROM blog WHERE DATE_FORMAT(create_time,'%Y') = ? ORDER BY update_time DESC 
2020-11-09 16:26:35.526 DEBUG 1488 --- [scheduling-1] c.s.m.mapper.BlogExtMapper.listByYear    : ==> Parameters: 2020(String)
2020-11-09 16:26:35.532 DEBUG 1488 --- [scheduling-1] c.s.m.mapper.BlogExtMapper.listByYear    : <==      Total: 4
2020-11-09 16:26:35.532 DEBUG 1488 --- [scheduling-1] c.s.m.mapper.BlogExtMapper.listByYear    : ==>  Preparing: SELECT * FROM blog WHERE DATE_FORMAT(create_time,'%Y') = ? ORDER BY update_time DESC 
2020-11-09 16:26:35.533 DEBUG 1488 --- [scheduling-1] c.s.m.mapper.BlogExtMapper.listByYear    : ==> Parameters: 2019(String)
2020-11-09 16:26:35.535 DEBUG 1488 --- [scheduling-1] c.s.m.mapper.BlogExtMapper.listByYear    : <==      Total: 2
2020-11-09 16:26:35.536 DEBUG 1488 --- [scheduling-1] c.s.m.mapper.BlogExtMapper.listByYear    : ==>  Preparing: SELECT * FROM blog WHERE DATE_FORMAT(create_time,'%Y') = ? ORDER BY update_time DESC 
2020-11-09 16:26:35.536 DEBUG 1488 --- [scheduling-1] c.s.m.mapper.BlogExtMapper.listByYear    : ==> Parameters: 2018(String)
2020-11-09 16:26:35.541 DEBUG 1488 --- [scheduling-1] c.s.m.mapper.BlogExtMapper.listByYear    : <==      Total: 2
2020-11-09 16:26:35.543  INFO 1488 --- [scheduling-1] com.seven.myblog.schedule.IndexSchedule  : TopTypes: Java|操作系统|前端|后端|框架|计算机语言 
2020-11-09 16:26:35.545  INFO 1488 --- [scheduling-1] com.seven.myblog.schedule.IndexSchedule  : TopTags: Redis|SpringMVC|SpringBoot|Mybatis|Mysql|Spring 
2020-11-09 16:26:35.545  INFO 1488 --- [scheduling-1] com.seven.myblog.schedule.IndexSchedule  : recommendBlogs:{} java入门程序|RabbitMQ有哪些重要的组件？|java基础语法|RabbitMQ的使用场景有哪些？|如何学习markdown|如何快速学习java|如何学习python|如何快速学习SpringBoot
2020-11-09 16:26:35.719  INFO 1488 --- [SpringContextShutdownHook] o.s.s.c.ThreadPoolTaskScheduler          : Shutting down ExecutorService 'taskScheduler'
2020-11-09 16:26:35.720  INFO 1488 --- [SpringContextShutdownHook] o.s.s.concurrent.ThreadPoolTaskExecutor  : Shutting down ExecutorService 'applicationTaskExecutor'
